[INFO  - 2017-05-19T03:41:48.240Z] GhostDriver - Main - running on port 62386
[INFO  - 2017-05-19T03:41:48.389Z] Session [165f3e00-3c45-11e7-91cf-87b1999b7b01] - page.settings - {"XSSAuditingEnabled":false,"javascriptCanCloseWindows":true,"javascriptCanOpenWindows":true,"javascriptEnabled":true,"loadImages":true,"localToRemoteUrlAccessEnabled":false,"userAgent":"Mozilla/5.0 (Macintosh; Intel Mac OS X) AppleWebKit/538.1 (KHTML, like Gecko) PhantomJS/2.1.1 Safari/538.1","webSecurityEnabled":true}
[INFO  - 2017-05-19T03:41:48.389Z] Session [165f3e00-3c45-11e7-91cf-87b1999b7b01] - page.customHeaders:  - {}
[INFO  - 2017-05-19T03:41:48.389Z] Session [165f3e00-3c45-11e7-91cf-87b1999b7b01] - Session.negotiatedCapabilities - {"browserName":"phantomjs","version":"2.1.1","driverName":"ghostdriver","driverVersion":"1.2.0","platform":"mac-unknown-64bit","javascriptEnabled":true,"takesScreenshot":true,"handlesAlerts":false,"databaseEnabled":false,"locationContextEnabled":false,"applicationCacheEnabled":false,"browserConnectionEnabled":false,"cssSelectorsEnabled":true,"webStorageEnabled":false,"rotatable":false,"acceptSslCerts":false,"nativeEvents":true,"proxy":{"proxyType":"direct"}}
[INFO  - 2017-05-19T03:41:48.389Z] SessionManagerReqHand - _postNewSessionCommand - New Session Created: 165f3e00-3c45-11e7-91cf-87b1999b7b01
[ERROR - 2017-05-19T03:41:53.480Z] WebElementLocator - _handleLocateCommand - Element(s) NOT Found: GAVE UP. Search Stop Time: 1495165313445

  phantomjs://platform/console++.js:263 in error
[ERROR - 2017-05-19T03:41:54.343Z] WebElementLocator - _handleLocateCommand - Element(s) NOT Found: GAVE UP. Search Stop Time: 1495165314306

  phantomjs://platform/console++.js:263 in error
[ERROR - 2017-05-19T03:41:55.109Z] WebElementLocator - _handleLocateCommand - Element(s) NOT Found: GAVE UP. Search Stop Time: 1495165315082

  phantomjs://platform/console++.js:263 in error
[ERROR - 2017-05-19T03:41:55.881Z] WebElementLocator - _handleLocateCommand - Element(s) NOT Found: GAVE UP. Search Stop Time: 1495165315847

  phantomjs://platform/console++.js:263 in error
[ERROR - 2017-05-19T03:41:56.648Z] WebElementLocator - _handleLocateCommand - Element(s) NOT Found: GAVE UP. Search Stop Time: 1495165316619

  phantomjs://platform/console++.js:263 in error
[ERROR - 2017-05-19T03:41:57.420Z] WebElementLocator - _handleLocateCommand - Element(s) NOT Found: GAVE UP. Search Stop Time: 1495165317386

  phantomjs://platform/console++.js:263 in error
[ERROR - 2017-05-19T03:41:58.184Z] WebElementLocator - _handleLocateCommand - Element(s) NOT Found: GAVE UP. Search Stop Time: 1495165318157

  phantomjs://platform/console++.js:263 in error
[ERROR - 2017-05-19T03:41:58.947Z] WebElementLocator - _handleLocateCommand - Element(s) NOT Found: GAVE UP. Search Stop Time: 1495165318919

  phantomjs://platform/console++.js:263 in error
[ERROR - 2017-05-19T03:41:59.730Z] WebElementLocator - _handleLocateCommand - Element(s) NOT Found: GAVE UP. Search Stop Time: 1495165319684

  phantomjs://platform/console++.js:263 in error
[ERROR - 2017-05-19T03:42:00.490Z] WebElementLocator - _handleLocateCommand - Element(s) NOT Found: GAVE UP. Search Stop Time: 1495165320462

  phantomjs://platform/console++.js:263 in error
[ERROR - 2017-05-19T03:42:01.251Z] WebElementLocator - _handleLocateCommand - Element(s) NOT Found: GAVE UP. Search Stop Time: 1495165321226

  phantomjs://platform/console++.js:263 in error
[ERROR - 2017-05-19T03:42:02.012Z] WebElementLocator - _handleLocateCommand - Element(s) NOT Found: GAVE UP. Search Stop Time: 1495165321987

  phantomjs://platform/console++.js:263 in error
[ERROR - 2017-05-19T03:42:02.778Z] WebElementLocator - _handleLocateCommand - Element(s) NOT Found: GAVE UP. Search Stop Time: 1495165322749

  phantomjs://platform/console++.js:263 in error
[ERROR - 2017-05-19T03:42:03.533Z] WebElementLocator - _handleLocateCommand - Element(s) NOT Found: GAVE UP. Search Stop Time: 1495165323510

  phantomjs://platform/console++.js:263 in error
[ERROR - 2017-05-19T03:42:04.310Z] WebElementLocator - _handleLocateCommand - Element(s) NOT Found: GAVE UP. Search Stop Time: 1495165324268

  phantomjs://platform/console++.js:263 in error
[ERROR - 2017-05-19T03:42:05.070Z] WebElementLocator - _handleLocateCommand - Element(s) NOT Found: GAVE UP. Search Stop Time: 1495165325042

  phantomjs://platform/console++.js:263 in error
[ERROR - 2017-05-19T03:42:05.833Z] WebElementLocator - _handleLocateCommand - Element(s) NOT Found: GAVE UP. Search Stop Time: 1495165325808

  phantomjs://platform/console++.js:263 in error
[ERROR - 2017-05-19T03:42:06.603Z] WebElementLocator - _handleLocateCommand - Element(s) NOT Found: GAVE UP. Search Stop Time: 1495165326571

  phantomjs://platform/console++.js:263 in error
[ERROR - 2017-05-19T03:42:07.369Z] WebElementLocator - _handleLocateCommand - Element(s) NOT Found: GAVE UP. Search Stop Time: 1495165327341

  phantomjs://platform/console++.js:263 in error
[ERROR - 2017-05-19T03:42:08.133Z] WebElementLocator - _handleLocateCommand - Element(s) NOT Found: GAVE UP. Search Stop Time: 1495165328106

  phantomjs://platform/console++.js:263 in error
[ERROR - 2017-05-19T03:42:08.900Z] WebElementLocator - _handleLocateCommand - Element(s) NOT Found: GAVE UP. Search Stop Time: 1495165328868

  phantomjs://platform/console++.js:263 in error
[ERROR - 2017-05-19T03:42:09.675Z] WebElementLocator - _handleLocateCommand - Element(s) NOT Found: GAVE UP. Search Stop Time: 1495165329634

  phantomjs://platform/console++.js:263 in error
[ERROR - 2017-05-19T03:42:10.435Z] WebElementLocator - _handleLocateCommand - Element(s) NOT Found: GAVE UP. Search Stop Time: 1495165330407

  phantomjs://platform/console++.js:263 in error
[ERROR - 2017-05-19T03:42:11.191Z] WebElementLocator - _handleLocateCommand - Element(s) NOT Found: GAVE UP. Search Stop Time: 1495165331172

  phantomjs://platform/console++.js:263 in error
[ERROR - 2017-05-19T03:42:11.954Z] WebElementLocator - _handleLocateCommand - Element(s) NOT Found: GAVE UP. Search Stop Time: 1495165331929

  phantomjs://platform/console++.js:263 in error
[ERROR - 2017-05-19T03:42:12.724Z] WebElementLocator - _handleLocateCommand - Element(s) NOT Found: GAVE UP. Search Stop Time: 1495165332691

  phantomjs://platform/console++.js:263 in error
[ERROR - 2017-05-19T03:42:13.486Z] WebElementLocator - _handleLocateCommand - Element(s) NOT Found: GAVE UP. Search Stop Time: 1495165333463

  phantomjs://platform/console++.js:263 in error
[ERROR - 2017-05-19T03:42:14.253Z] WebElementLocator - _handleLocateCommand - Element(s) NOT Found: GAVE UP. Search Stop Time: 1495165334226

  phantomjs://platform/console++.js:263 in error
[ERROR - 2017-05-19T03:42:15.036Z] WebElementLocator - _handleLocateCommand - Element(s) NOT Found: GAVE UP. Search Stop Time: 1495165334985

  phantomjs://platform/console++.js:263 in error
[ERROR - 2017-05-19T03:42:15.795Z] WebElementLocator - _handleLocateCommand - Element(s) NOT Found: GAVE UP. Search Stop Time: 1495165335773

  phantomjs://platform/console++.js:263 in error
[ERROR - 2017-05-19T03:42:16.559Z] WebElementLocator - _handleLocateCommand - Element(s) NOT Found: GAVE UP. Search Stop Time: 1495165336532

  phantomjs://platform/console++.js:263 in error
[ERROR - 2017-05-19T03:42:17.327Z] WebElementLocator - _handleLocateCommand - Element(s) NOT Found: GAVE UP. Search Stop Time: 1495165337293

  phantomjs://platform/console++.js:263 in error
[ERROR - 2017-05-19T03:42:18.092Z] WebElementLocator - _handleLocateCommand - Element(s) NOT Found: GAVE UP. Search Stop Time: 1495165338065

  phantomjs://platform/console++.js:263 in error
[ERROR - 2017-05-19T03:42:18.852Z] WebElementLocator - _handleLocateCommand - Element(s) NOT Found: GAVE UP. Search Stop Time: 1495165338829

  phantomjs://platform/console++.js:263 in error
[ERROR - 2017-05-19T03:42:19.645Z] WebElementLocator - _handleLocateCommand - Element(s) NOT Found: GAVE UP. Search Stop Time: 1495165339590

  phantomjs://platform/console++.js:263 in error
[ERROR - 2017-05-19T03:42:20.415Z] WebElementLocator - _handleLocateCommand - Element(s) NOT Found: GAVE UP. Search Stop Time: 1495165340383

  phantomjs://platform/console++.js:263 in error
[ERROR - 2017-05-19T03:42:21.179Z] WebElementLocator - _handleLocateCommand - Element(s) NOT Found: GAVE UP. Search Stop Time: 1495165341151

  phantomjs://platform/console++.js:263 in error
[ERROR - 2017-05-19T03:42:21.945Z] WebElementLocator - _handleLocateCommand - Element(s) NOT Found: GAVE UP. Search Stop Time: 1495165341916

  phantomjs://platform/console++.js:263 in error
[ERROR - 2017-05-19T03:42:22.700Z] WebElementLocator - _handleLocateCommand - Element(s) NOT Found: GAVE UP. Search Stop Time: 1495165342678

  phantomjs://platform/console++.js:263 in error
[ERROR - 2017-05-19T03:42:23.459Z] WebElementLocator - _handleLocateCommand - Element(s) NOT Found: GAVE UP. Search Stop Time: 1495165343434

  phantomjs://platform/console++.js:263 in error
[INFO  - 2017-05-19T03:46:48.237Z] SessionManagerReqHand - _cleanupWindowlessSessions - Asynchronous Sessions clean-up phase starting NOW
events.js:160
      throw er; // Unhandled 'error' event
      ^

Error: read EIO
    at exports._errnoException (util.js:1026:11)
    at TTY.onread (net.js:563:26)
